2019-11-25 00:27:41.937  INFO 78722 --- [main] i.g.jetqin.message.MessageApplication    : Starting MessageApplication on jetdeMacBook-Pro.local with PID 78722 (/Users/jet/code/java/kafka-message/build/classes/java/main started by jet in /Users/jet/code/java/kafka-message)
2019-11-25 00:27:41.939  INFO 78722 --- [main] i.g.jetqin.message.MessageApplication    : No active profile set, falling back to default profiles: default
2019-11-25 00:27:42.524  INFO 78722 --- [main] o.s.b.w.embedded.tomcat.TomcatWebServer  : Tomcat initialized with port(s): 8888 (http)
2019-11-25 00:27:42.532  INFO 78722 --- [main] o.apache.catalina.core.StandardService   : Starting service [Tomcat]
2019-11-25 00:27:42.532  INFO 78722 --- [main] org.apache.catalina.core.StandardEngine  : Starting Servlet engine: [Apache Tomcat/9.0.27]
2019-11-25 00:27:42.582  INFO 78722 --- [main] o.a.c.c.C.[Tomcat].[localhost].[/]       : Initializing Spring embedded WebApplicationContext
2019-11-25 00:27:42.583  INFO 78722 --- [main] o.s.web.context.ContextLoader            : Root WebApplicationContext: initialization completed in 619 ms
2019-11-25 00:27:42.743  INFO 78722 --- [main] o.s.s.concurrent.ThreadPoolTaskExecutor  : Initializing ExecutorService 'applicationTaskExecutor'
2019-11-25 00:27:42.903  INFO 78722 --- [main] o.a.k.clients.admin.AdminClientConfig    : AdminClientConfig values: 
	bootstrap.servers = [localhost:9092, localhost:9093, localhost:9094]
	client.dns.lookup = default
	client.id = 
	connections.max.idle.ms = 300000
	metadata.max.age.ms = 300000
	metric.reporters = []
	metrics.num.samples = 2
	metrics.recording.level = INFO
	metrics.sample.window.ms = 30000
	receive.buffer.bytes = 65536
	reconnect.backoff.max.ms = 1000
	reconnect.backoff.ms = 50
	request.timeout.ms = 120000
	retries = 5
	retry.backoff.ms = 100
	sasl.client.callback.handler.class = null
	sasl.jaas.config = null
	sasl.kerberos.kinit.cmd = /usr/bin/kinit
	sasl.kerberos.min.time.before.relogin = 60000
	sasl.kerberos.service.name = null
	sasl.kerberos.ticket.renew.jitter = 0.05
	sasl.kerberos.ticket.renew.window.factor = 0.8
	sasl.login.callback.handler.class = null
	sasl.login.class = null
	sasl.login.refresh.buffer.seconds = 300
	sasl.login.refresh.min.period.seconds = 60
	sasl.login.refresh.window.factor = 0.8
	sasl.login.refresh.window.jitter = 0.05
	sasl.mechanism = GSSAPI
	security.protocol = PLAINTEXT
	send.buffer.bytes = 131072
	ssl.cipher.suites = null
	ssl.enabled.protocols = [TLSv1.2, TLSv1.1, TLSv1]
	ssl.endpoint.identification.algorithm = https
	ssl.key.password = null
	ssl.keymanager.algorithm = SunX509
	ssl.keystore.location = null
	ssl.keystore.password = null
	ssl.keystore.type = JKS
	ssl.protocol = TLS
	ssl.provider = null
	ssl.secure.random.implementation = null
	ssl.trustmanager.algorithm = PKIX
	ssl.truststore.location = null
	ssl.truststore.password = null
	ssl.truststore.type = JKS

2019-11-25 00:27:42.975  INFO 78722 --- [main] o.a.kafka.common.utils.AppInfoParser     : Kafka version: 2.3.1
2019-11-25 00:27:42.976  INFO 78722 --- [main] o.a.kafka.common.utils.AppInfoParser     : Kafka commitId: 18a913733fb71c01
2019-11-25 00:27:42.976  INFO 78722 --- [main] o.a.kafka.common.utils.AppInfoParser     : Kafka startTimeMs: 1574612862975
2019-11-25 00:27:43.077  INFO 78722 --- [main] o.a.k.clients.consumer.ConsumerConfig    : ConsumerConfig values: 
	allow.auto.create.topics = true
	auto.commit.interval.ms = 10
	auto.offset.reset = earliest
	bootstrap.servers = [localhost:9092, localhost:9093, localhost:9094]
	check.crcs = true
	client.dns.lookup = default
	client.id = 
	client.rack = 
	connections.max.idle.ms = 540000
	default.api.timeout.ms = 60000
	enable.auto.commit = true
	exclude.internal.topics = true
	fetch.max.bytes = 52428800
	fetch.max.wait.ms = 500
	fetch.min.bytes = 1
	group.id = user-group
	group.instance.id = null
	heartbeat.interval.ms = 3000
	interceptor.classes = []
	internal.leave.group.on.close = true
	isolation.level = read_uncommitted
	key.deserializer = class org.apache.kafka.common.serialization.StringDeserializer
	max.partition.fetch.bytes = 1048576
	max.poll.interval.ms = 300000
	max.poll.records = 500
	metadata.max.age.ms = 300000
	metric.reporters = []
	metrics.num.samples = 2
	metrics.recording.level = INFO
	metrics.sample.window.ms = 30000
	partition.assignment.strategy = [class org.apache.kafka.clients.consumer.RangeAssignor]
	receive.buffer.bytes = 65536
	reconnect.backoff.max.ms = 1000
	reconnect.backoff.ms = 50
	request.timeout.ms = 30000
	retry.backoff.ms = 100
	sasl.client.callback.handler.class = null
	sasl.jaas.config = null
	sasl.kerberos.kinit.cmd = /usr/bin/kinit
	sasl.kerberos.min.time.before.relogin = 60000
	sasl.kerberos.service.name = null
	sasl.kerberos.ticket.renew.jitter = 0.05
	sasl.kerberos.ticket.renew.window.factor = 0.8
	sasl.login.callback.handler.class = null
	sasl.login.class = null
	sasl.login.refresh.buffer.seconds = 300
	sasl.login.refresh.min.period.seconds = 60
	sasl.login.refresh.window.factor = 0.8
	sasl.login.refresh.window.jitter = 0.05
	sasl.mechanism = GSSAPI
	security.protocol = PLAINTEXT
	send.buffer.bytes = 131072
	session.timeout.ms = 10000
	ssl.cipher.suites = null
	ssl.enabled.protocols = [TLSv1.2, TLSv1.1, TLSv1]
	ssl.endpoint.identification.algorithm = https
	ssl.key.password = null
	ssl.keymanager.algorithm = SunX509
	ssl.keystore.location = null
	ssl.keystore.password = null
	ssl.keystore.type = JKS
	ssl.protocol = TLS
	ssl.provider = null
	ssl.secure.random.implementation = null
	ssl.trustmanager.algorithm = PKIX
	ssl.truststore.location = null
	ssl.truststore.password = null
	ssl.truststore.type = JKS
	value.deserializer = class org.apache.kafka.common.serialization.ByteBufferDeserializer

2019-11-25 00:27:43.093  INFO 78722 --- [main] o.a.kafka.common.utils.AppInfoParser     : Kafka version: 2.3.1
2019-11-25 00:27:43.093  INFO 78722 --- [main] o.a.kafka.common.utils.AppInfoParser     : Kafka commitId: 18a913733fb71c01
2019-11-25 00:27:43.093  INFO 78722 --- [main] o.a.kafka.common.utils.AppInfoParser     : Kafka startTimeMs: 1574612863093
2019-11-25 00:27:43.094  INFO 78722 --- [main] o.a.k.clients.consumer.KafkaConsumer     : [Consumer clientId=consumer-1, groupId=user-group] Subscribed to topic(s): test
2019-11-25 00:27:43.094  INFO 78722 --- [main] o.s.s.c.ThreadPoolTaskScheduler          : Initializing ExecutorService
2019-11-25 00:27:43.105  INFO 78722 --- [org.springframework.kafka.KafkaListenerEndpointContainer#0-0-C-1] org.apache.kafka.clients.Metadata        : [Consumer clientId=consumer-1, groupId=user-group] Cluster ID: C6QHNFDfTr6m-6q7BJUTyg
2019-11-25 00:27:43.106  INFO 78722 --- [org.springframework.kafka.KafkaListenerEndpointContainer#0-0-C-1] o.a.k.c.c.internals.AbstractCoordinator  : [Consumer clientId=consumer-1, groupId=user-group] Discovered group coordinator localhost:9092 (id: 2147483647 rack: null)
2019-11-25 00:27:43.108  INFO 78722 --- [org.springframework.kafka.KafkaListenerEndpointContainer#0-0-C-1] o.a.k.c.c.internals.ConsumerCoordinator  : [Consumer clientId=consumer-1, groupId=user-group] Revoking previously assigned partitions []
2019-11-25 00:27:43.108  INFO 78722 --- [org.springframework.kafka.KafkaListenerEndpointContainer#0-0-C-1] o.s.k.l.KafkaMessageListenerContainer    : user-group: partitions revoked: []
2019-11-25 00:27:43.108  INFO 78722 --- [org.springframework.kafka.KafkaListenerEndpointContainer#0-0-C-1] o.a.k.c.c.internals.AbstractCoordinator  : [Consumer clientId=consumer-1, groupId=user-group] (Re-)joining group
2019-11-25 00:27:43.114  INFO 78722 --- [org.springframework.kafka.KafkaListenerEndpointContainer#0-0-C-1] o.a.k.c.c.internals.AbstractCoordinator  : [Consumer clientId=consumer-1, groupId=user-group] (Re-)joining group
2019-11-25 00:27:43.116  INFO 78722 --- [main] o.s.b.w.embedded.tomcat.TomcatWebServer  : Tomcat started on port(s): 8888 (http) with context path ''
2019-11-25 00:27:43.119  INFO 78722 --- [main] i.g.jetqin.message.MessageApplication    : Started MessageApplication in 1.633 seconds (JVM running for 1.897)
2019-11-25 00:27:43.122  INFO 78722 --- [org.springframework.kafka.KafkaListenerEndpointContainer#0-0-C-1] o.a.k.c.c.internals.AbstractCoordinator  : [Consumer clientId=consumer-1, groupId=user-group] Successfully joined group with generation 16
2019-11-25 00:27:43.123  INFO 78722 --- [main] o.a.k.clients.producer.ProducerConfig    : ProducerConfig values: 
	acks = 1
	batch.size = 16384
	bootstrap.servers = [localhost:9092, localhost:9093, localhost:9094]
	buffer.memory = 33554432
	client.dns.lookup = default
	client.id = 
	compression.type = none
	connections.max.idle.ms = 540000
	delivery.timeout.ms = 120000
	enable.idempotence = false
	interceptor.classes = []
	key.serializer = class org.apache.kafka.common.serialization.StringSerializer
	linger.ms = 0
	max.block.ms = 60000
	max.in.flight.requests.per.connection = 5
	max.request.size = 1048576
	metadata.max.age.ms = 300000
	metric.reporters = []
	metrics.num.samples = 2
	metrics.recording.level = INFO
	metrics.sample.window.ms = 30000
	partitioner.class = class org.apache.kafka.clients.producer.internals.DefaultPartitioner
	receive.buffer.bytes = 32768
	reconnect.backoff.max.ms = 1000
	reconnect.backoff.ms = 50
	request.timeout.ms = 30000
	retries = 2147483647
	retry.backoff.ms = 100
	sasl.client.callback.handler.class = null
	sasl.jaas.config = null
	sasl.kerberos.kinit.cmd = /usr/bin/kinit
	sasl.kerberos.min.time.before.relogin = 60000
	sasl.kerberos.service.name = null
	sasl.kerberos.ticket.renew.jitter = 0.05
	sasl.kerberos.ticket.renew.window.factor = 0.8
	sasl.login.callback.handler.class = null
	sasl.login.class = null
	sasl.login.refresh.buffer.seconds = 300
	sasl.login.refresh.min.period.seconds = 60
	sasl.login.refresh.window.factor = 0.8
	sasl.login.refresh.window.jitter = 0.05
	sasl.mechanism = GSSAPI
	security.protocol = PLAINTEXT
	send.buffer.bytes = 131072
	ssl.cipher.suites = null
	ssl.enabled.protocols = [TLSv1.2, TLSv1.1, TLSv1]
	ssl.endpoint.identification.algorithm = https
	ssl.key.password = null
	ssl.keymanager.algorithm = SunX509
	ssl.keystore.location = null
	ssl.keystore.password = null
	ssl.keystore.type = JKS
	ssl.protocol = TLS
	ssl.provider = null
	ssl.secure.random.implementation = null
	ssl.trustmanager.algorithm = PKIX
	ssl.truststore.location = null
	ssl.truststore.password = null
	ssl.truststore.type = JKS
	transaction.timeout.ms = 60000
	transactional.id = null
	value.serializer = class org.springframework.kafka.support.serializer.JsonSerializer

2019-11-25 00:27:43.125  INFO 78722 --- [org.springframework.kafka.KafkaListenerEndpointContainer#0-0-C-1] o.a.k.c.c.internals.ConsumerCoordinator  : [Consumer clientId=consumer-1, groupId=user-group] Setting newly assigned partitions: test-1, test-0
2019-11-25 00:27:43.132  INFO 78722 --- [org.springframework.kafka.KafkaListenerEndpointContainer#0-0-C-1] o.a.k.c.c.internals.ConsumerCoordinator  : [Consumer clientId=consumer-1, groupId=user-group] Setting offset for partition test-1 to the committed offset FetchPosition{offset=0, offsetEpoch=Optional.empty, currentLeader=LeaderAndEpoch{leader=localhost:9093 (id: 1 rack: null), epoch=0}}
2019-11-25 00:27:43.133  INFO 78722 --- [org.springframework.kafka.KafkaListenerEndpointContainer#0-0-C-1] o.a.k.c.c.internals.ConsumerCoordinator  : [Consumer clientId=consumer-1, groupId=user-group] Setting offset for partition test-0 to the committed offset FetchPosition{offset=70, offsetEpoch=Optional.empty, currentLeader=LeaderAndEpoch{leader=localhost:9092 (id: 0 rack: null), epoch=2}}
2019-11-25 00:27:43.134  INFO 78722 --- [org.springframework.kafka.KafkaListenerEndpointContainer#0-0-C-1] o.s.k.l.KafkaMessageListenerContainer    : user-group: partitions assigned: [test-1, test-0]
2019-11-25 00:27:43.138  INFO 78722 --- [main] o.a.kafka.common.utils.AppInfoParser     : Kafka version: 2.3.1
2019-11-25 00:27:43.138  INFO 78722 --- [main] o.a.kafka.common.utils.AppInfoParser     : Kafka commitId: 18a913733fb71c01
2019-11-25 00:27:43.139  INFO 78722 --- [main] o.a.kafka.common.utils.AppInfoParser     : Kafka startTimeMs: 1574612863138
2019-11-25 00:27:43.143  INFO 78722 --- [kafka-producer-network-thread | producer-1] org.apache.kafka.clients.Metadata        : [Producer clientId=producer-1] Cluster ID: C6QHNFDfTr6m-6q7BJUTyg
2019-11-25 00:30:11.680  INFO 78722 --- [org.springframework.kafka.KafkaListenerEndpointContainer#0-0-C-1] o.a.k.c.consumer.internals.Fetcher       : [Consumer clientId=consumer-1, groupId=user-group] Fetch offset 3374 is out of range for partition test-1, resetting offset
2019-11-25 00:30:16.110  INFO 78722 --- [org.springframework.kafka.KafkaListenerEndpointContainer#0-0-C-1] o.a.k.c.consumer.internals.Fetcher       : [Consumer clientId=consumer-1, groupId=user-group] Fetch offset 3444 is out of range for partition test-0, resetting offset
2019-11-25 00:30:16.112  INFO 78722 --- [org.springframework.kafka.KafkaListenerEndpointContainer#0-0-C-1] o.a.k.c.c.internals.SubscriptionState    : [Consumer clientId=consumer-1, groupId=user-group] Resetting offset for partition test-1 to offset 5000.
2019-11-25 00:30:16.113  INFO 78722 --- [org.springframework.kafka.KafkaListenerEndpointContainer#0-0-C-1] o.a.k.c.c.internals.SubscriptionState    : [Consumer clientId=consumer-1, groupId=user-group] Resetting offset for partition test-0 to offset 5070.
2019-11-25 00:31:04.414  INFO 78722 --- [org.springframework.kafka.KafkaListenerEndpointContainer#0-0-C-1] o.a.k.c.c.internals.AbstractCoordinator  : [Consumer clientId=consumer-1, groupId=user-group] Member consumer-1-731a0cf8-4a5e-4d41-91a8-b9829aa52844 sending LeaveGroup request to coordinator localhost:9092 (id: 2147483647 rack: null)
2019-11-25 00:31:04.415  INFO 78722 --- [org.springframework.kafka.KafkaListenerEndpointContainer#0-0-C-1] o.a.k.clients.consumer.KafkaConsumer     : [Consumer clientId=consumer-1, groupId=user-group] Unsubscribed all topics or patterns and assigned partitions
2019-11-25 00:31:04.415  INFO 78722 --- [org.springframework.kafka.KafkaListenerEndpointContainer#0-0-C-1] o.s.s.c.ThreadPoolTaskScheduler          : Shutting down ExecutorService
2019-11-25 00:31:04.418  INFO 78722 --- [org.springframework.kafka.KafkaListenerEndpointContainer#0-0-C-1] essageListenerContainer$ListenerConsumer : user-group: Consumer stopped
2019-11-25 00:31:04.420  INFO 78722 --- [SpringContextShutdownHook] o.s.s.concurrent.ThreadPoolTaskExecutor  : Shutting down ExecutorService 'applicationTaskExecutor'
2019-11-25 00:31:04.420  INFO 78722 --- [SpringContextShutdownHook] o.a.k.clients.producer.KafkaProducer     : [Producer clientId=producer-1] Closing the Kafka producer with timeoutMillis = 30000 ms.
